<?xml version="1.0" encoding="UTF-8"?>
<!-- Generated by org.testng.reporters.JUnitXMLReporter -->
<testsuite ignored="0" hostname="LAPTOP-VU9JH5KI" failures="0" tests="10" name="Calculator1" time="0.304" errors="0" timestamp="2020-07-03T01:36:32 IST">
  <testcase classname="com.picnic.testng.Calculator" name="count" time="0.011"/>
  <testcase classname="com.picnic.testng.Calculator" name="add" time="0.006"/>
  <testcase classname="com.picnic.testng.Calculator" name="sub" time="0.003"/>
  <testcase classname="com.picnic.testng.Calculator" name="mul" time="0.002"/>
  <testcase classname="com.picnic.testng.Calculator" name="divInt" time="0.007"/>
  <testcase classname="com.picnic.testng.Calculator" name="divReal" time="0.038"/>
  <testcase classname="com.picnic.testng.Calculator" name="exponent" time="0.006"/>
  <testcase classname="com.picnic.testng.Calculator" name="modulus" time="0.008"/>
  <testcase classname="com.picnic.testng.Calculator" name="inverse" time="0.005"/>
  <testcase classname="com.picnic.testng.Calculator" name="negate" time="0.003"/>
</testsuite> <!-- Calculator1 -->
