<?xml version="1.0" encoding="UTF-8"?>
<!-- Generated by org.testng.reporters.JUnitXMLReporter -->
<testsuite ignored="5" hostname="LAPTOP-VU9JH5KI" failures="0" tests="5" name="Calculator2" time="0.038" errors="0" timestamp="2020-07-03T01:36:32 IST">
  <testcase classname="com.picnic.testng.Calculator2" name="count" time="0.001"/>
  <testcase classname="com.picnic.testng.Calculator2" name="add" time="0.002"/>
  <testcase classname="com.picnic.testng.Calculator2" name="sub" time="0.003"/>
  <testcase classname="com.picnic.testng.Calculator2" name="mul" time="0.001"/>
  <testcase classname="com.picnic.testng.Calculator2" name="divInt" time="0.002"/>
  <testcase classname="com.picnic.testng.Calculator2" name="negate" time="0.0">
    <ignored/>
  </testcase> <!-- negate -->
  <testcase classname="com.picnic.testng.Calculator2" name="modulus" time="0.0">
    <ignored/>
  </testcase> <!-- modulus -->
  <testcase classname="com.picnic.testng.Calculator2" name="divReal" time="0.0">
    <ignored/>
  </testcase> <!-- divReal -->
  <testcase classname="com.picnic.testng.Calculator2" name="exponent" time="0.0">
    <ignored/>
  </testcase> <!-- exponent -->
  <testcase classname="com.picnic.testng.Calculator2" name="inverse" time="0.0">
    <ignored/>
  </testcase> <!-- inverse -->
</testsuite> <!-- Calculator2 -->
