<?xml version="1.0" encoding="UTF-8"?>
<!-- Generated by org.testng.reporters.JUnitXMLReporter -->
<testsuite ignored="1" hostname="LAPTOP-VU9JH5KI" failures="0" tests="4" name="Hybrid_Device" time="173.86" errors="0" timestamp="2020-06-30T13:59:49 IST">
  <testcase classname="com.scuba.citi.Login" name="Hybrid" time="57.598"/>
  <testcase classname="com.scuba.citi.Login" name="account_Verification" time="22.026"/>
  <testcase classname="com.scuba.citi.Login" name="flow_Verification" time="45.175"/>
  <testcase classname="com.scuba.citi.Login" name="ownAccountTransfer" time="38.71"/>
  <testcase classname="com.scuba.citi.Login" name="Native" time="0.0">
    <ignored/>
  </testcase> <!-- Native -->
</testsuite> <!-- Hybrid_Device -->
