<?xml version="1.0" encoding="UTF-8"?>
<!-- Generated by org.testng.reporters.JUnitXMLReporter -->
<testsuite ignored="4" hostname="LAPTOP-VU9JH5KI" failures="0" tests="1" name="Native_Device" time="53.6" errors="0" timestamp="2020-06-30T15:43:17 IST">
  <testcase classname="com.scuba.citi.Login" name="Native" time="44.858"/>
  <testcase classname="com.scuba.citi.Login" name="account_Verification" time="0.0">
    <ignored/>
  </testcase> <!-- account_Verification -->
  <testcase classname="com.scuba.citi.Login" name="ownAccountTransfer" time="0.0">
    <ignored/>
  </testcase> <!-- ownAccountTransfer -->
  <testcase classname="com.scuba.citi.Login" name="Hybrid" time="0.0">
    <ignored/>
  </testcase> <!-- Hybrid -->
  <testcase classname="com.scuba.citi.Login" name="flow_Verification" time="0.0">
    <ignored/>
  </testcase> <!-- flow_Verification -->
</testsuite> <!-- Native_Device -->
