<?xml version="1.0" encoding="UTF-8"?>
<!-- Generated by org.testng.reporters.JUnitXMLReporter -->
<testsuite ignored="0" hostname="LAPTOP-VU9JH5KI" failures="0" tests="9" name="Negate" time="0.12" errors="0" timestamp="2020-07-01T17:24:20 IST">
  <testcase classname="com.picnic.testng.Calculator" name="add" time="0.002"/>
  <testcase classname="com.picnic.testng.Calculator" name="sub" time="0.001"/>
  <testcase classname="com.picnic.testng.Calculator" name="mul" time="0.003"/>
  <testcase classname="com.picnic.testng.Calculator" name="divInt" time="0.001"/>
  <testcase classname="com.picnic.testng.Calculator" name="divReal" time="0.009"/>
  <testcase classname="com.picnic.testng.Calculator" name="exponent" time="0.008"/>
  <testcase classname="com.picnic.testng.Calculator" name="modulus" time="0.003"/>
  <testcase classname="com.picnic.testng.Calculator" name="inverse" time="0.003"/>
  <testcase classname="com.picnic.testng.Calculator" name="negate" time="0.002"/>
</testsuite> <!-- Negate -->
