<?xml version="1.0" encoding="UTF-8"?>
<testng-results ignored="5" total="20" passed="15" failed="0" skipped="0">
  <reporter-output>
    <line>
      <![CDATA[-----Starting the First program------------]]>
    </line>
    <line>
      <![CDATA[--1st Addition Completed:: 9]]>
    </line>
    <line>
      <![CDATA[--1st Subtraction Completed:: 3]]>
    </line>
    <line>
      <![CDATA[--1st Multiplication Completed:: 18]]>
    </line>
    <line>
      <![CDATA[--1st Division for Integer Completed:: 2]]>
    </line>
    <line>
      <![CDATA[--1st Division for Real Number Completed:: 2.0]]>
    </line>
    <line>
      <![CDATA[--1st Exponent Completed:: 216]]>
    </line>
    <line>
      <![CDATA[--1st Modulus Completed:: 0]]>
    </line>
    <line>
      <![CDATA[--1st Inverse Completed:: 0.3333333333333333]]>
    </line>
    <line>
      <![CDATA[-1st Negation Completed:: -3]]>
    </line>
    <line>
      <![CDATA[------First Run Completed--------]]>
    </line>
    <line>
      <![CDATA[-----Starting the Second program------------]]>
    </line>
    <line>
      <![CDATA[--2nd Addition Completed:: 6]]>
    </line>
    <line>
      <![CDATA[--2nd Subtraction Completed:: 2]]>
    </line>
    <line>
      <![CDATA[--2nd Multiplication Completed:: 8]]>
    </line>
    <line>
      <![CDATA[--2nd Division for Integer Completed:: 2]]>
    </line>
    <line>
      <![CDATA[------Second Run Completed--------]]>
    </line>
  </reporter-output>
  <suite started-at="2020-07-03T01:36:31 IST" name="Suite" finished-at="2020-07-03T01:36:32 IST" duration-ms="438">
    <groups>
      <group name="Multiplication">
        <method signature="Calculator.mul(int, int)[pri:2, instance:com.picnic.testng.Calculator@3967e60c]" name="mul" class="com.picnic.testng.Calculator"/>
        <method signature="Calculator2.mul(int, int)[pri:2, instance:com.picnic.testng.Calculator2@61230f6a]" name="mul" class="com.picnic.testng.Calculator2"/>
      </group> <!-- Multiplication -->
      <group name="Addition">
        <method signature="Calculator.add(int, int)[pri:0, instance:com.picnic.testng.Calculator@3967e60c]" name="add" class="com.picnic.testng.Calculator"/>
        <method signature="Calculator2.add(int, int)[pri:0, instance:com.picnic.testng.Calculator2@61230f6a]" name="add" class="com.picnic.testng.Calculator2"/>
      </group> <!-- Addition -->
      <group name="Subtraction">
        <method signature="Calculator.sub(int, int)[pri:1, instance:com.picnic.testng.Calculator@3967e60c]" name="sub" class="com.picnic.testng.Calculator"/>
        <method signature="Calculator2.sub(int, int)[pri:1, instance:com.picnic.testng.Calculator2@61230f6a]" name="sub" class="com.picnic.testng.Calculator2"/>
      </group> <!-- Subtraction -->
      <group name="Exponent">
        <method signature="Calculator.exponent(int, int)[pri:5, instance:com.picnic.testng.Calculator@3967e60c]" name="exponent" class="com.picnic.testng.Calculator"/>
      </group> <!-- Exponent -->
      <group name="Modulus">
        <method signature="Calculator.modulus(int, int)[pri:6, instance:com.picnic.testng.Calculator@3967e60c]" name="modulus" class="com.picnic.testng.Calculator"/>
      </group> <!-- Modulus -->
      <group name="Div_real">
        <method signature="Calculator.divReal(int, int)[pri:4, instance:com.picnic.testng.Calculator@3967e60c]" name="divReal" class="com.picnic.testng.Calculator"/>
      </group> <!-- Div_real -->
      <group name="parameter">
        <method signature="Calculator2.count(java.lang.Integer)[pri:-1, instance:com.picnic.testng.Calculator2@61230f6a]" name="count" class="com.picnic.testng.Calculator2"/>
      </group> <!-- parameter -->
      <group name="Inverse">
        <method signature="Calculator.inverse(int, int)[pri:7, instance:com.picnic.testng.Calculator@3967e60c]" name="inverse" class="com.picnic.testng.Calculator"/>
      </group> <!-- Inverse -->
      <group name="Negate">
        <method signature="Calculator.negate(int, int)[pri:8, instance:com.picnic.testng.Calculator@3967e60c]" name="negate" class="com.picnic.testng.Calculator"/>
      </group> <!-- Negate -->
      <group name="Div_integer">
        <method signature="Calculator.divInt(int, int)[pri:3, instance:com.picnic.testng.Calculator@3967e60c]" name="divInt" class="com.picnic.testng.Calculator"/>
        <method signature="Calculator2.divInt(int, int)[pri:3, instance:com.picnic.testng.Calculator2@61230f6a]" name="divInt" class="com.picnic.testng.Calculator2"/>
      </group> <!-- Div_integer -->
    </groups>
    <test started-at="2020-07-03T01:36:31 IST" name="Calculator1" finished-at="2020-07-03T01:36:31 IST" duration-ms="304">
      <class name="com.picnic.testng.Calculator">
        <test-method is-config="true" signature="beforeTest()[pri:0, instance:com.picnic.testng.Calculator@3967e60c]" started-at="2020-07-03T01:36:31 IST" name="beforeTest" finished-at="2020-07-03T01:36:31 IST" duration-ms="29" status="PASS">
          <reporter-output>
            <line>
              <![CDATA[-----Starting the First program------------]]>
            </line>
          </reporter-output>
        </test-method> <!-- beforeTest -->
        <test-method signature="count(java.lang.Integer)[pri:-1, instance:com.picnic.testng.Calculator@3967e60c]" started-at="2020-07-03T01:36:31 IST" name="count" finished-at="2020-07-03T01:36:31 IST" duration-ms="11" status="PASS">
          <params>
            <param index="0">
              <value>
                <![CDATA[3]]>
              </value>
            </param>
          </params>
          <reporter-output>
          </reporter-output>
        </test-method> <!-- count -->
        <test-method signature="add(int, int)[pri:0, instance:com.picnic.testng.Calculator@3967e60c]" started-at="2020-07-03T01:36:31 IST" name="add" data-provider="dp" finished-at="2020-07-03T01:36:31 IST" duration-ms="6" status="PASS">
          <params>
            <param index="0">
              <value>
                <![CDATA[6]]>
              </value>
            </param>
            <param index="1">
              <value>
                <![CDATA[4]]>
              </value>
            </param>
          </params>
          <reporter-output>
            <line>
              <![CDATA[--1st Addition Completed:: 9]]>
            </line>
          </reporter-output>
        </test-method> <!-- add -->
        <test-method signature="sub(int, int)[pri:1, instance:com.picnic.testng.Calculator@3967e60c]" started-at="2020-07-03T01:36:31 IST" name="sub" data-provider="dp" finished-at="2020-07-03T01:36:31 IST" duration-ms="3" status="PASS">
          <params>
            <param index="0">
              <value>
                <![CDATA[6]]>
              </value>
            </param>
            <param index="1">
              <value>
                <![CDATA[4]]>
              </value>
            </param>
          </params>
          <reporter-output>
            <line>
              <![CDATA[--1st Subtraction Completed:: 3]]>
            </line>
          </reporter-output>
        </test-method> <!-- sub -->
        <test-method signature="mul(int, int)[pri:2, instance:com.picnic.testng.Calculator@3967e60c]" started-at="2020-07-03T01:36:31 IST" name="mul" data-provider="dp" finished-at="2020-07-03T01:36:31 IST" duration-ms="2" status="PASS">
          <params>
            <param index="0">
              <value>
                <![CDATA[6]]>
              </value>
            </param>
            <param index="1">
              <value>
                <![CDATA[4]]>
              </value>
            </param>
          </params>
          <reporter-output>
            <line>
              <![CDATA[--1st Multiplication Completed:: 18]]>
            </line>
          </reporter-output>
        </test-method> <!-- mul -->
        <test-method signature="divInt(int, int)[pri:3, instance:com.picnic.testng.Calculator@3967e60c]" started-at="2020-07-03T01:36:31 IST" name="divInt" data-provider="dp" finished-at="2020-07-03T01:36:31 IST" duration-ms="7" status="PASS">
          <params>
            <param index="0">
              <value>
                <![CDATA[6]]>
              </value>
            </param>
            <param index="1">
              <value>
                <![CDATA[4]]>
              </value>
            </param>
          </params>
          <reporter-output>
            <line>
              <![CDATA[--1st Division for Integer Completed:: 2]]>
            </line>
          </reporter-output>
        </test-method> <!-- divInt -->
        <test-method signature="divReal(int, int)[pri:4, instance:com.picnic.testng.Calculator@3967e60c]" started-at="2020-07-03T01:36:31 IST" name="divReal" data-provider="dp" finished-at="2020-07-03T01:36:31 IST" duration-ms="38" status="PASS">
          <params>
            <param index="0">
              <value>
                <![CDATA[6]]>
              </value>
            </param>
            <param index="1">
              <value>
                <![CDATA[4]]>
              </value>
            </param>
          </params>
          <reporter-output>
            <line>
              <![CDATA[--1st Division for Real Number Completed:: 2.0]]>
            </line>
          </reporter-output>
        </test-method> <!-- divReal -->
        <test-method signature="exponent(int, int)[pri:5, instance:com.picnic.testng.Calculator@3967e60c]" started-at="2020-07-03T01:36:31 IST" name="exponent" data-provider="dp" finished-at="2020-07-03T01:36:31 IST" duration-ms="6" status="PASS">
          <params>
            <param index="0">
              <value>
                <![CDATA[6]]>
              </value>
            </param>
            <param index="1">
              <value>
                <![CDATA[4]]>
              </value>
            </param>
          </params>
          <reporter-output>
            <line>
              <![CDATA[--1st Exponent Completed:: 216]]>
            </line>
          </reporter-output>
        </test-method> <!-- exponent -->
        <test-method signature="modulus(int, int)[pri:6, instance:com.picnic.testng.Calculator@3967e60c]" started-at="2020-07-03T01:36:31 IST" name="modulus" data-provider="dp" finished-at="2020-07-03T01:36:31 IST" duration-ms="8" status="PASS">
          <params>
            <param index="0">
              <value>
                <![CDATA[6]]>
              </value>
            </param>
            <param index="1">
              <value>
                <![CDATA[4]]>
              </value>
            </param>
          </params>
          <reporter-output>
            <line>
              <![CDATA[--1st Modulus Completed:: 0]]>
            </line>
          </reporter-output>
        </test-method> <!-- modulus -->
        <test-method signature="inverse(int, int)[pri:7, instance:com.picnic.testng.Calculator@3967e60c]" started-at="2020-07-03T01:36:31 IST" name="inverse" data-provider="dp" finished-at="2020-07-03T01:36:31 IST" duration-ms="5" status="PASS">
          <params>
            <param index="0">
              <value>
                <![CDATA[6]]>
              </value>
            </param>
            <param index="1">
              <value>
                <![CDATA[4]]>
              </value>
            </param>
          </params>
          <reporter-output>
            <line>
              <![CDATA[--1st Inverse Completed:: 0.3333333333333333]]>
            </line>
          </reporter-output>
        </test-method> <!-- inverse -->
        <test-method signature="negate(int, int)[pri:8, instance:com.picnic.testng.Calculator@3967e60c]" started-at="2020-07-03T01:36:31 IST" name="negate" data-provider="dp" finished-at="2020-07-03T01:36:31 IST" duration-ms="3" status="PASS">
          <params>
            <param index="0">
              <value>
                <![CDATA[6]]>
              </value>
            </param>
            <param index="1">
              <value>
                <![CDATA[4]]>
              </value>
            </param>
          </params>
          <reporter-output>
            <line>
              <![CDATA[-1st Negation Completed:: -3]]>
            </line>
          </reporter-output>
        </test-method> <!-- negate -->
        <test-method is-config="true" signature="afterTest()[pri:0, instance:com.picnic.testng.Calculator@3967e60c]" started-at="2020-07-03T01:36:31 IST" name="afterTest" finished-at="2020-07-03T01:36:31 IST" duration-ms="0" status="PASS">
          <reporter-output>
            <line>
              <![CDATA[------First Run Completed--------]]>
            </line>
          </reporter-output>
        </test-method> <!-- afterTest -->
      </class> <!-- com.picnic.testng.Calculator -->
    </test> <!-- Calculator1 -->
    <test started-at="2020-07-03T01:36:32 IST" name="Calculator2" finished-at="2020-07-03T01:36:32 IST" duration-ms="38">
      <class name="com.picnic.testng.Calculator2">
        <test-method is-config="true" signature="beforeTest()[pri:0, instance:com.picnic.testng.Calculator2@61230f6a]" started-at="2020-07-03T01:36:32 IST" name="beforeTest" finished-at="2020-07-03T01:36:32 IST" duration-ms="0" status="PASS">
          <reporter-output>
            <line>
              <![CDATA[-----Starting the Second program------------]]>
            </line>
          </reporter-output>
        </test-method> <!-- beforeTest -->
        <test-method signature="count(java.lang.Integer)[pri:-1, instance:com.picnic.testng.Calculator2@61230f6a]" started-at="2020-07-03T01:36:32 IST" name="count" finished-at="2020-07-03T01:36:32 IST" duration-ms="1" status="PASS">
          <params>
            <param index="0">
              <value>
                <![CDATA[2]]>
              </value>
            </param>
          </params>
          <reporter-output>
          </reporter-output>
        </test-method> <!-- count -->
        <test-method signature="add(int, int)[pri:0, instance:com.picnic.testng.Calculator2@61230f6a]" started-at="2020-07-03T01:36:32 IST" name="add" data-provider="dp" finished-at="2020-07-03T01:36:32 IST" duration-ms="2" status="PASS">
          <params>
            <param index="0">
              <value>
                <![CDATA[4]]>
              </value>
            </param>
            <param index="1">
              <value>
                <![CDATA[4]]>
              </value>
            </param>
          </params>
          <reporter-output>
            <line>
              <![CDATA[--2nd Addition Completed:: 6]]>
            </line>
          </reporter-output>
        </test-method> <!-- add -->
        <test-method signature="sub(int, int)[pri:1, instance:com.picnic.testng.Calculator2@61230f6a]" started-at="2020-07-03T01:36:32 IST" name="sub" data-provider="dp" finished-at="2020-07-03T01:36:32 IST" duration-ms="3" status="PASS">
          <params>
            <param index="0">
              <value>
                <![CDATA[4]]>
              </value>
            </param>
            <param index="1">
              <value>
                <![CDATA[4]]>
              </value>
            </param>
          </params>
          <reporter-output>
            <line>
              <![CDATA[--2nd Subtraction Completed:: 2]]>
            </line>
          </reporter-output>
        </test-method> <!-- sub -->
        <test-method signature="mul(int, int)[pri:2, instance:com.picnic.testng.Calculator2@61230f6a]" started-at="2020-07-03T01:36:32 IST" name="mul" data-provider="dp" finished-at="2020-07-03T01:36:32 IST" duration-ms="1" status="PASS">
          <params>
            <param index="0">
              <value>
                <![CDATA[4]]>
              </value>
            </param>
            <param index="1">
              <value>
                <![CDATA[4]]>
              </value>
            </param>
          </params>
          <reporter-output>
            <line>
              <![CDATA[--2nd Multiplication Completed:: 8]]>
            </line>
          </reporter-output>
        </test-method> <!-- mul -->
        <test-method signature="divInt(int, int)[pri:3, instance:com.picnic.testng.Calculator2@61230f6a]" started-at="2020-07-03T01:36:32 IST" name="divInt" data-provider="dp" finished-at="2020-07-03T01:36:32 IST" duration-ms="2" status="PASS">
          <params>
            <param index="0">
              <value>
                <![CDATA[4]]>
              </value>
            </param>
            <param index="1">
              <value>
                <![CDATA[4]]>
              </value>
            </param>
          </params>
          <reporter-output>
            <line>
              <![CDATA[--2nd Division for Integer Completed:: 2]]>
            </line>
          </reporter-output>
        </test-method> <!-- divInt -->
        <test-method is-config="true" signature="afterTest()[pri:0, instance:com.picnic.testng.Calculator2@61230f6a]" started-at="2020-07-03T01:36:32 IST" name="afterTest" finished-at="2020-07-03T01:36:32 IST" duration-ms="1" status="PASS">
          <reporter-output>
            <line>
              <![CDATA[------Second Run Completed--------]]>
            </line>
          </reporter-output>
        </test-method> <!-- afterTest -->
      </class> <!-- com.picnic.testng.Calculator2 -->
    </test> <!-- Calculator2 -->
  </suite> <!-- Suite -->
</testng-results>
